<?xml version="1.0" encoding="UTF-8"?>
<!-- Generated by org.testng.reporters.JUnitXMLReporter -->
<testsuite ignored="1" hostname="DESKTOP-8FKN9C1" failures="0" tests="1" name="Default test" time="1.981" errors="0" timestamp="2026-02-27T17:15:47 IST">
  <testcase classname="automationprojects.APIAutomation.User.UserFunctionsTest" name="loginUserTest" time="1.945"/>
  <testcase classname="automationprojects.APIAutomation.User.UserFunctionsTest" name="GetCurrentUserTest" time="0.0">
    <ignored/>
  </testcase> <!-- GetCurrentUserTest -->
</testsuite> <!-- Default test -->
