<?xml version="1.0" encoding="UTF-8"?>
<!-- Generated by org.testng.reporters.JUnitXMLReporter -->
<testsuite ignored="0" hostname="DESKTOP-8FKN9C1" failures="0" tests="2" name="Test" time="2.217" errors="0" timestamp="2026-02-27T17:15:25 IST">
  <testcase classname="automationprojects.APIAutomation.User.UserFunctionsTest" name="loginUserTest" time="2.026"/>
  <testcase classname="automationprojects.APIAutomation.User.UserFunctionsTest" name="GetCurrentUserTest" time="0.142"/>
</testsuite> <!-- Test -->
