<?xml version="1.0" encoding="UTF-8"?>
<testng-results ignored="1" total="2" passed="1" failed="0" skipped="0">
  <reporter-output>
  </reporter-output>
  <suite started-at="2026-02-27T17:15:45 IST" name="Default suite" finished-at="2026-02-27T17:15:47 IST" duration-ms="1981">
    <groups>
    </groups>
    <test started-at="2026-02-27T17:15:45 IST" name="Default test" finished-at="2026-02-27T17:15:47 IST" duration-ms="1981">
      <class name="automationprojects.APIAutomation.User.UserFunctionsTest">
        <test-method is-config="true" signature="setupLogging()[pri:0, instance:automationprojects.APIAutomation.User.UserFunctionsTest@1530c739]" started-at="2026-02-27T17:15:45 IST" name="setupLogging" finished-at="2026-02-27T17:15:45 IST" duration-ms="357" status="PASS">
          <reporter-output>
          </reporter-output>
        </test-method> <!-- setupLogging -->
        <test-method is-config="true" signature="getCreds()[pri:0, instance:automationprojects.APIAutomation.User.UserFunctionsTest@1530c739]" started-at="2026-02-27T17:15:45 IST" name="getCreds" finished-at="2026-02-27T17:15:45 IST" duration-ms="0" status="PASS">
          <reporter-output>
          </reporter-output>
        </test-method> <!-- getCreds -->
        <test-method signature="loginUserTest()[pri:0, instance:automationprojects.APIAutomation.User.UserFunctionsTest@1530c739]" started-at="2026-02-27T17:15:45 IST" name="loginUserTest" finished-at="2026-02-27T17:15:47 IST" duration-ms="1945" status="PASS">
          <reporter-output>
          </reporter-output>
        </test-method> <!-- loginUserTest -->
      </class> <!-- automationprojects.APIAutomation.User.UserFunctionsTest -->
    </test> <!-- Default test -->
  </suite> <!-- Default suite -->
</testng-results>
